# JRE version: 7.0_25-b17
# Java VM: Java HotSpot(TM) Client VM (23.25-b01 mixed mode windows-x86 )
Heap
 def new generation   total 8448K, used 2460K [0x10090000, 0x109b0000, 0x255e0000)
  eden space 7552K,  20% used [0x10090000, 0x102171b8, 0x107f0000)
  from space 896K,  99% used [0x108d0000, 0x109afff8, 0x109b0000)
  to   space 896K,   0% used [0x107f0000, 0x107f0000, 0x108d0000)
 tenured generation   total 18668K, used 15864K [0x255e0000, 0x2681b000, 0x50090000)
   the space 18668K,  84% used [0x255e0000, 0x2655e0f0, 0x2655e200, 0x2681b000)
 compacting perm gen  total 12288K, used 3504K [0x50090000, 0x50c90000, 0x54090000)
   the space 12288K,  28% used [0x50090000, 0x503fc190, 0x503fc200, 0x50c90000)
GC Heap History (10 events):
Event: 1.339 GC heap before
{Heap before GC invocations=16 (full 1):
 def new generation   total 8448K, used 7552K [0x10090000, 0x109b0000, 0x255e0000)
  eden space 7552K, 100% used [0x10090000, 0x107f0000, 0x107f0000)
  from space 896K,   0% used [0x107f0000, 0x107f0000, 0x108d0000)
  to   space 896K,   0% used [0x108d0000, 0x108d0000, 0x109b0000)
 tenured generation   total 18668K, used 11199K [0x255e0000, 0x2681b000, 0x50090000)
   the space 18668K,  59% used [0x255e0000, 0x260cffe0, 0x260d0000, 0x2681b000)
 compacting perm gen  total 12288K, used 3504K [0x50090000, 0x50c90000, 0x54090000)
   the space 12288K,  28% used [0x50090000, 0x503fc190, 0x503fc200, 0x50c90000)
No shared spaces configured.
Event: 1.348 GC heap after
Heap after GC invocations=17 (full 1):
 def new generation   total 8448K, used 896K [0x10090000, 0x109b0000, 0x255e0000)
  eden space 7552K,   0% used [0x10090000, 0x10090000, 0x107f0000)
  from space 896K, 100% used [0x108d0000, 0x109b0000, 0x109b0000)
  to   space 896K,   0% used [0x107f0000, 0x107f0000, 0x108d0000)
 tenured generation   total 18668K, used 11456K [0x255e0000, 0x2681b000, 0x50090000)
   the space 18668K,  61% used [0x255e0000, 0x26110208, 0x26110400, 0x2681b000)
 compacting perm gen  total 12288K, used 3504K [0x50090000, 0x50c90000, 0x54090000)
   the space 12288K,  28% used [0x50090000, 0x503fc190, 0x503fc200, 0x50c90000)
No shared spaces configured.
}
Event: 1.442 GC heap before
{Heap before GC invocations=17 (full 1):
 def new generation   total 8448K, used 8448K [0x10090000, 0x109b0000, 0x255e0000)
  eden space 7552K, 100% used [0x10090000, 0x107f0000, 0x107f0000)
  from space 896K, 100% used [0x108d0000, 0x109b0000, 0x109b0000)
  to   space 896K,   0% used [0x107f0000, 0x107f0000, 0x108d0000)
 tenured generation   total 18668K, used 11456K [0x255e0000, 0x2681b000, 0x50090000)
   the space 18668K,  61% used [0x255e0000, 0x26110208, 0x26110400, 0x2681b000)
 compacting perm gen  total 12288K, used 3504K [0x50090000, 0x50c90000, 0x54090000)
   the space 12288K,  28% used [0x50090000, 0x503fc190, 0x503fc200, 0x50c90000)
No shared spaces configured.
Event: 1.447 GC heap after
Heap after GC invocations=18 (full 1):
 def new generation   total 8448K, used 896K [0x10090000, 0x109b0000, 0x255e0000)
  eden space 7552K,   0% used [0x10090000, 0x10090000, 0x107f0000)
  from space 896K, 100% used [0x107f0000, 0x108d0000, 0x108d0000)
  to   space 896K,   0% used [0x108d0000, 0x108d0000, 0x109b0000)
 tenured generation   total 18668K, used 12500K [0x255e0000, 0x2681b000, 0x50090000)
   the space 18668K,  66% used [0x255e0000, 0x26215030, 0x26215200, 0x2681b000)
 compacting perm gen  total 12288K, used 3504K [0x50090000, 0x50c90000, 0x54090000)
   the space 12288K,  28% used [0x50090000, 0x503fc190, 0x503fc200, 0x50c90000)
No shared spaces configured.
}
Event: 1.483 GC heap before
{Heap before GC invocations=18 (full 1):
 def new generation   total 8448K, used 8448K [0x10090000, 0x109b0000, 0x255e0000)
  eden space 7552K, 100% used [0x10090000, 0x107f0000, 0x107f0000)
  from space 896K, 100% used [0x107f0000, 0x108d0000, 0x108d0000)
  to   space 896K,   0% used [0x108d0000, 0x108d0000, 0x109b0000)
 tenured generation   total 18668K, used 12500K [0x255e0000, 0x2681b000, 0x50090000)
   the space 18668K,  66% used [0x255e0000, 0x26215030, 0x26215200, 0x2681b000)
 compacting perm gen  total 12288K, used 3504K [0x50090000, 0x50c90000, 0x54090000)
   the space 12288K,  28% used [0x50090000, 0x503fc190, 0x503fc200, 0x50c90000)
No shared spaces configured.
Event: 1.488 GC heap after
Heap after GC invocations=19 (full 1):
 def new generation   total 8448K, used 895K [0x10090000, 0x109b0000, 0x255e0000)
  eden space 7552K,   0% used [0x10090000, 0x10090000, 0x107f0000)
  from space 896K,  99% used [0x108d0000, 0x109afff8, 0x109b0000)
  to   space 896K,   0% used [0x107f0000, 0x107f0000, 0x108d0000)
 tenured generation   total 18668K, used 13643K [0x255e0000, 0x2681b000, 0x50090000)
   the space 18668K,  73% used [0x255e0000, 0x26332c48, 0x26332e00, 0x2681b000)
 compacting perm gen  total 12288K, used 3504K [0x50090000, 0x50c90000, 0x54090000)
   the space 12288K,  28% used [0x50090000, 0x503fc190, 0x503fc200, 0x50c90000)
No shared spaces configured.
}
Event: 1.533 GC heap before
{Heap before GC invocations=19 (full 1):
 def new generation   total 8448K, used 8447K [0x10090000, 0x109b0000, 0x255e0000)
  eden space 7552K, 100% used [0x10090000, 0x107f0000, 0x107f0000)
  from space 896K,  99% used [0x108d0000, 0x109afff8, 0x109b0000)
  to   space 896K,   0% used [0x107f0000, 0x107f0000, 0x108d0000)
 tenured generation   total 18668K, used 13643K [0x255e0000, 0x2681b000, 0x50090000)
   the space 18668K,  73% used [0x255e0000, 0x26332c48, 0x26332e00, 0x2681b000)
 compacting perm gen  total 12288K, used 3504K [0x50090000, 0x50c90000, 0x54090000)
   the space 12288K,  28% used [0x50090000, 0x503fc190, 0x503fc200, 0x50c90000)
No shared spaces configured.
Event: 1.537 GC heap after
Heap after GC invocations=20 (full 1):
 def new generation   total 8448K, used 896K [0x10090000, 0x109b0000, 0x255e0000)
  eden space 7552K,   0% used [0x10090000, 0x10090000, 0x107f0000)
  from space 896K, 100% used [0x107f0000, 0x108d0000, 0x108d0000)
  to   space 896K,   0% used [0x108d0000, 0x108d0000, 0x109b0000)
 tenured generation   total 18668K, used 14688K [0x255e0000, 0x2681b000, 0x50090000)
   the space 18668K,  78% used [0x255e0000, 0x264380f8, 0x26438200, 0x2681b000)
 compacting perm gen  total 12288K, used 3504K [0x50090000, 0x50c90000, 0x54090000)
   the space 12288K,  28% used [0x50090000, 0x503fc190, 0x503fc200, 0x50c90000)
No shared spaces configured.
}
Event: 1.575 GC heap before
{Heap before GC invocations=20 (full 1):
 def new generation   total 8448K, used 8448K [0x10090000, 0x109b0000, 0x255e0000)
  eden space 7552K, 100% used [0x10090000, 0x107f0000, 0x107f0000)
  from space 896K, 100% used [0x107f0000, 0x108d0000, 0x108d0000)
  to   space 896K,   0% used [0x108d0000, 0x108d0000, 0x109b0000)
 tenured generation   total 18668K, used 14688K [0x255e0000, 0x2681b000, 0x50090000)
   the space 18668K,  78% used [0x255e0000, 0x264380f8, 0x26438200, 0x2681b000)
 compacting perm gen  total 12288K, used 3504K [0x50090000, 0x50c90000, 0x54090000)
   the space 12288K,  28% used [0x50090000, 0x503fc190, 0x503fc200, 0x50c90000)
No shared spaces configured.
Event: 1.581 GC heap after
Heap after GC invocations=21 (full 1):
 def new generation   total 8448K, used 895K [0x10090000, 0x109b0000, 0x255e0000)
  eden space 7552K,   0% used [0x10090000, 0x10090000, 0x107f0000)
  from space 896K,  99% used [0x108d0000, 0x109afff8, 0x109b0000)
  to   space 896K,   0% used [0x107f0000, 0x107f0000, 0x108d0000)
 tenured generation   total 18668K, used 15864K [0x255e0000, 0x2681b000, 0x50090000)
   the space 18668K,  84% used [0x255e0000, 0x2655e0f0, 0x2655e200, 0x2681b000)
 compacting perm gen  total 12288K, used 3504K [0x50090000, 0x50c90000, 0x54090000)
   the space 12288K,  28% used [0x50090000, 0x503fc190, 0x503fc200, 0x50c90000)
No shared spaces configured.
}

